mode: count
github.com/repejota/psh/segment-root.go:17.36,20.2 2 0
github.com/repejota/psh/segment-root.go:23.40,28.2 4 0
github.com/repejota/psh/segment-username.go:14.44,17.2 2 0
github.com/repejota/psh/segment-username.go:20.44,25.2 4 0
github.com/repejota/psh/color.go:16.25,19.2 2 0
github.com/repejota/psh/color.go:22.31,25.2 2 0
github.com/repejota/psh/color.go:28.31,31.2 2 0
github.com/repejota/psh/color.go:34.45,38.2 3 0
github.com/repejota/psh/color.go:41.45,45.2 3 0
github.com/repejota/psh/prompt.go:19.50,26.2 3 0
github.com/repejota/psh/prompt.go:30.34,33.27 3 0
github.com/repejota/psh/prompt.go:36.2,37.12 2 0
github.com/repejota/psh/prompt.go:33.27,35.3 1 0
github.com/repejota/psh/prompt.go:41.43,43.2 1 0
github.com/repejota/psh/prompt.go:46.67,49.13 3 0
github.com/repejota/psh/prompt.go:61.2,64.12 4 0
github.com/repejota/psh/prompt.go:50.14,51.29 1 0
github.com/repejota/psh/prompt.go:52.18,53.33 1 0
github.com/repejota/psh/prompt.go:54.18,55.33 1 0
github.com/repejota/psh/prompt.go:56.13,57.28 1 0
github.com/repejota/psh/prompt.go:58.10,59.39 1 0
github.com/repejota/psh/segment-cwd.go:14.34,17.2 2 0
github.com/repejota/psh/segment-cwd.go:20.39,25.2 4 0
github.com/repejota/psh/segment-hostname.go:14.44,17.2 2 0
github.com/repejota/psh/segment-hostname.go:20.44,25.2 4 0
github.com/repejota/psh/cmd/psh/main.go:26.13,38.18 5 0
github.com/repejota/psh/cmd/psh/main.go:43.2,43.20 1 0
github.com/repejota/psh/cmd/psh/main.go:47.2,47.25 1 0
github.com/repejota/psh/cmd/psh/main.go:51.2,52.16 2 0
github.com/repejota/psh/cmd/psh/main.go:38.18,42.3 3 0
github.com/repejota/psh/cmd/psh/main.go:43.20,46.3 2 0
github.com/repejota/psh/cmd/psh/main.go:47.25,50.3 2 0
github.com/repejota/psh/cmd/psh/main.go:52.16,54.3 1 0
github.com/repejota/psh/cmd/psh/main.go:58.39,61.16 2 0
github.com/repejota/psh/cmd/psh/main.go:66.2,67.16 2 0
github.com/repejota/psh/cmd/psh/main.go:72.2,73.16 2 0
github.com/repejota/psh/cmd/psh/main.go:77.2,79.12 3 0
github.com/repejota/psh/cmd/psh/main.go:61.16,63.3 1 0
github.com/repejota/psh/cmd/psh/main.go:67.16,69.3 1 0
github.com/repejota/psh/cmd/psh/main.go:73.16,75.3 1 0
github.com/repejota/psh/cmd/psh/main.go:83.27,86.2 2 1
github.com/repejota/psh/cmd/psh/main.go:89.18,91.27 2 0
github.com/repejota/psh/cmd/psh/main.go:95.2,95.29 1 0
github.com/repejota/psh/cmd/psh/main.go:91.27,94.3 2 0
github.com/repejota/psh/cmd/psh/main.go:99.23,101.27 2 0
github.com/repejota/psh/cmd/psh/main.go:105.2,105.29 1 0
github.com/repejota/psh/cmd/psh/main.go:101.27,104.3 2 0
